unpacking data....
using bindat @blocks 104 bytes
(10400000,)
total read, total selected: 10400000 3244878
10400000
(10400000,)
total read, total selected: 20800000 6875810
20800000
(10400000,)
total read, total selected: 31200000 10247225
31200000
(10400000,)
total read, total selected: 41600000 13780822
41600000
(10400000,)
total read, total selected: 52000000 17141459
52000000
(10400000,)
total read, total selected: 62400000 20747298
62400000
(10400000,)
total read, total selected: 72800000 24340833
72800000
(10400000,)
total read, total selected: 83200000 27913252
83200000
(10400000,)
total read, total selected: 93600000 31446580
93600000
(10400000,)
total read, total selected: 104000000 35148419
104000000
(10400000,)
total read, total selected: 114400000 38581056
114400000
(10400000,)
total read, total selected: 124800000 42141464
124800000
(10400000,)
total read, total selected: 135200000 45599544
135200000
(10400000,)
total read, total selected: 145600000 49254417
145600000
(10400000,)
total read, total selected: 156000000 52713167
156000000
(10400000,)
total read, total selected: 166400000 56276116
166400000
(10400000,)
total read, total selected: 176800000 59540926
176800000
(10400000,)
total read, total selected: 187200000 63002765
187200000
(10400000,)
total read, total selected: 197600000 66588231
197600000
(2267677,)
total read, total selected: 199867677 67497993
199867677
